0 info it worked if it ends with ok
1 verbose cli [ 'C:\\Program Files\\nodejs\\node.exe',
1 verbose cli   'C:\\Users\\ASUS\\AppData\\Roaming\\npm\\node_modules\\cnpm\\node_modules\\npm\\bin\\npm-cli.js',
1 verbose cli   '--userconfig=C:\\Users\\ASUS\\.cnpmrc',
1 verbose cli   '--disturl=https://npm.taobao.org/mirrors/node',
1 verbose cli   '--registry=https://registry.npm.taobao.org',
1 verbose cli   'rebuild',
1 verbose cli   'node-sass',
1 verbose cli   '--force' ]
2 info using npm@3.10.8
3 info using node@v8.7.0
4 warn using --force I sure hope you know what you are doing.
5 info readInstalled object
6 verbose rebuild path, id [ 'C:\\Users\\ASUS\\Documents\\GitHub\\vue-concise-slider\\node_modules\\node-sass',
6 verbose rebuild   'node-sass@4.5.3' ]
7 silly rebuild set [ 'C:\\Users\\ASUS\\Documents\\GitHub\\vue-concise-slider\\node_modules\\node-sass' ]
8 info build C:\Users\ASUS\Documents\GitHub\vue-concise-slider\node_modules\node-sass
9 info lifecycle node-sass@4.5.3~preinstall: node-sass@4.5.3
10 silly lifecycle node-sass@4.5.3~preinstall: no script for preinstall, continuing
11 info linkStuff node-sass@4.5.3
12 silly linkStuff node-sass@4.5.3 has C:\Users\ASUS\Documents\GitHub\vue-concise-slider\node_modules as its parent node_modules
13 verbose linkBins node-sass@4.5.3
14 verbose link bins [ { 'node-sass': 'bin/node-sass' },
14 verbose link bins   'C:\\Users\\ASUS\\Documents\\GitHub\\vue-concise-slider\\node_modules\\.bin',
14 verbose link bins   false ]
15 verbose linkMans node-sass@4.5.3
16 verbose rebuildBundles node-sass@4.5.3
17 verbose rebuildBundles [ '.bin',
17 verbose rebuildBundles   'async-foreach',
17 verbose rebuildBundles   'chalk',
17 verbose rebuildBundles   'cross-spawn',
17 verbose rebuildBundles   'gaze',
17 verbose rebuildBundles   'get-stdin',
17 verbose rebuildBundles   'glob',
17 verbose rebuildBundles   'in-publish',
17 verbose rebuildBundles   'lodash.assign',
17 verbose rebuildBundles   'lodash.clonedeep',
17 verbose rebuildBundles   'lodash.mergewith',
17 verbose rebuildBundles   'meow',
17 verbose rebuildBundles   'mkdirp',
17 verbose rebuildBundles   'nan',
17 verbose rebuildBundles   'node-gyp',
17 verbose rebuildBundles   'npmlog',
17 verbose rebuildBundles   'request',
17 verbose rebuildBundles   'sass-graph',
17 verbose rebuildBundles   'stdout-stream' ]
18 info lifecycle node-sass@4.5.3~install: node-sass@4.5.3
19 verbose lifecycle node-sass@4.5.3~install: unsafe-perm in lifecycle true
20 verbose lifecycle node-sass@4.5.3~install: PATH: C:\Users\ASUS\AppData\Roaming\npm\node_modules\cnpm\node_modules\npm\bin\node-gyp-bin;C:\Users\ASUS\Documents\GitHub\vue-concise-slider\node_modules\node-sass\node_modules\.bin;C:\Users\ASUS\Documents\GitHub\vue-concise-slider\node_modules\.bin;C:\ProgramData\Oracle\Java\javapath;C:\Program Files (x86)\Intel\iCLS Client\;C:\Program Files\Intel\iCLS Client\;C:\Windows\system32;C:\Windows;C:\Windows\System32\Wbem;C:\Windows\System32\WindowsPowerShell\v1.0\;C:\Program Files (x86)\Intel\Intel(R) Management Engine Components\DAL;C:\Program Files\Intel\Intel(R) Management Engine Components\DAL;C:\Program Files (x86)\Intel\Intel(R) Management Engine Components\IPT;C:\Program Files\Intel\Intel(R) Management Engine Components\IPT;C:\Program Files (x86)\NVIDIA Corporation\PhysX\Common;C:\WINDOWS\system32;C:\WINDOWS;C:\WINDOWS\System32\Wbem;C:\WINDOWS\System32\WindowsPowerShell\v1.0\;C:\Program Files\Git\cmd;C:\Program Files (x86)\Windows Kits\8.1\Windows Performance Toolkit\;D:\Program Files (x86)\mysql\MySQL Utilities 1.3.4\;C:\Program Files\nodejs\;C:\Users\ASUS\AppData\Local\Microsoft\WindowsApps;C:\Users\ASUS\AppData\Roaming\npm
21 verbose lifecycle node-sass@4.5.3~install: CWD: C:\Users\ASUS\Documents\GitHub\vue-concise-slider\node_modules\node-sass
22 silly lifecycle node-sass@4.5.3~install: Args: [ '/d /s /c', 'node scripts/install.js' ]
23 silly lifecycle node-sass@4.5.3~install: Returned: code: 3221225786  signal: null
24 info lifecycle node-sass@4.5.3~install: Failed to exec install script
25 info lifecycle Error: node-sass@4.5.3 install: `node scripts/install.js`
25 info lifecycle Exit status 3221225786
25 info lifecycle     at EventEmitter.<anonymous> (C:\Users\ASUS\AppData\Roaming\npm\node_modules\cnpm\node_modules\npm\lib\utils\lifecycle.js:255:16)
25 info lifecycle     at emitTwo (events.js:125:13)
25 info lifecycle     at EventEmitter.emit (events.js:213:7)
25 info lifecycle     at ChildProcess.<anonymous> (C:\Users\ASUS\AppData\Roaming\npm\node_modules\cnpm\node_modules\npm\lib\utils\spawn.js:40:14)
25 info lifecycle     at emitTwo (events.js:125:13)
25 info lifecycle     at ChildProcess.emit (events.js:213:7)
25 info lifecycle     at maybeClose (internal/child_process.js:927:16)
25 info lifecycle     at Process.ChildProcess._handle.onexit (internal/child_process.js:211:5)
25 info lifecycle  node-sass@4.5.3~install: forced, continuing { Error: node-sass@4.5.3 install: `node scripts/install.js`
25 info lifecycle Exit status 3221225786
25 info lifecycle     at EventEmitter.<anonymous> (C:\Users\ASUS\AppData\Roaming\npm\node_modules\cnpm\node_modules\npm\lib\utils\lifecycle.js:255:16)
25 info lifecycle     at emitTwo (events.js:125:13)
25 info lifecycle     at EventEmitter.emit (events.js:213:7)
25 info lifecycle     at ChildProcess.<anonymous> (C:\Users\ASUS\AppData\Roaming\npm\node_modules\cnpm\node_modules\npm\lib\utils\spawn.js:40:14)
25 info lifecycle     at emitTwo (events.js:125:13)
25 info lifecycle     at ChildProcess.emit (events.js:213:7)
25 info lifecycle     at maybeClose (internal/child_process.js:927:16)
25 info lifecycle     at Process.ChildProcess._handle.onexit (internal/child_process.js:211:5)
25 info lifecycle   code: 'ELIFECYCLE',
25 info lifecycle   pkgid: 'node-sass@4.5.3',
25 info lifecycle   stage: 'install',
25 info lifecycle   script: 'node scripts/install.js',
25 info lifecycle   pkgname: 'node-sass' }
26 info lifecycle node-sass@4.5.3~postinstall: node-sass@4.5.3
27 verbose stack Error: kill ENOSYS
27 verbose stack     at Object._errnoException (util.js:1021:11)
27 verbose stack     at process.kill (internal/process.js:180:18)
27 verbose stack     at process.listener (C:\Users\ASUS\AppData\Roaming\npm\node_modules\cnpm\node_modules\npm\node_modules\npmlog\node_modules\gauge\node_modules\signal-exit\index.js:86:15)
27 verbose stack     at emitNone (events.js:110:20)
27 verbose stack     at process.emit (events.js:207:7)
27 verbose stack     at processEmit (C:\Users\ASUS\AppData\Roaming\npm\node_modules\cnpm\node_modules\npm\node_modules\npmlog\node_modules\gauge\node_modules\signal-exit\index.js:146:32)
27 verbose stack     at processEmit (C:\Users\ASUS\AppData\Roaming\npm\node_modules\cnpm\node_modules\npm\node_modules\npm-registry-client\node_modules\npmlog\node_modules\gauge\node_modules\signal-exit\index.js:146:32)
27 verbose stack     at Signal.wrap.onsignal (internal/process.js:205:44)
28 verbose cwd C:\Users\ASUS\Documents\GitHub\vue-concise-slider
29 error Windows_NT 10.0.14393
30 error argv "C:\\Program Files\\nodejs\\node.exe" "C:\\Users\\ASUS\\AppData\\Roaming\\npm\\node_modules\\cnpm\\node_modules\\npm\\bin\\npm-cli.js" "--userconfig=C:\\Users\\ASUS\\.cnpmrc" "--disturl=https://npm.taobao.org/mirrors/node" "--registry=https://registry.npm.taobao.org" "rebuild" "node-sass" "--force"
31 error node v8.7.0
32 error npm  v3.10.8
33 error code ENOSYS
34 error errno ENOSYS
35 error syscall kill
36 error kill ENOSYS
37 error If you need help, you may report this error at:
37 error     <https://github.com/npm/npm/issues>
38 verbose exit [ 1, true ]
